[2015-03-14 06:49:27] local.ERROR: exception 'Symfony\Component\Debug\Exception\FatalErrorException' with message 'syntax error, unexpected '$table' (T_VARIABLE)' in C:\jiuli\htdocs\database\migrations\2015_03_14_064625_create_regions_table.php:19
Stack trace:
#0 C:\jiuli\htdocs\storage\framework\compiled.php(1738): Illuminate\Foundation\Bootstrap\HandleExceptions->fatalExceptionFromError(Array)
#1 [internal function]: Illuminate\Foundation\Bootstrap\HandleExceptions->handleShutdown()
#2 {main}  
[2015-03-14 06:58:31] local.ERROR: exception 'InvalidArgumentException' with message 'View [RegionAdmin] not found.' in C:\jiuli\htdocs\storage\framework\compiled.php:12898
Stack trace:
#0 C:\jiuli\htdocs\storage\framework\compiled.php(12871): Illuminate\View\FileViewFinder->findInPaths('RegionAdmin', Array)
#1 C:\jiuli\htdocs\storage\framework\compiled.php(12996): Illuminate\View\FileViewFinder->find('RegionAdmin')
#2 C:\jiuli\htdocs\vendor\laravel\framework\src\Illuminate\Foundation\helpers.php(563): Illuminate\View\Factory->make('RegionAdmin', Array, Array)
#3 C:\jiuli\htdocs\app\Http\Controllers\Admin\RegionsController.php(19): view('RegionAdmin')
#4 [internal function]: App\Http\Controllers\Admin\RegionsController->index()
#5 C:\jiuli\htdocs\storage\framework\compiled.php(8287): call_user_func_array(Array, Array)
#6 C:\jiuli\htdocs\storage\framework\compiled.php(8354): Illuminate\Routing\Controller->callAction('index', Array)
#7 C:\jiuli\htdocs\storage\framework\compiled.php(8333): Illuminate\Routing\ControllerDispatcher->call(Object(App\Http\Controllers\Admin\RegionsController), Object(Illuminate\Routing\Route), 'index')
#8 [internal function]: Illuminate\Routing\ControllerDispatcher->Illuminate\Routing\{closure}(Object(Illuminate\Http\Request))
#9 C:\jiuli\htdocs\storage\framework\compiled.php(8952): call_user_func(Object(Closure), Object(Illuminate\Http\Request))
#10 [internal function]: Illuminate\Pipeline\Pipeline->Illuminate\Pipeline\{closure}(Object(Illuminate\Http\Request))
#11 C:\jiuli\htdocs\storage\framework\compiled.php(8935): call_user_func(Object(Closure), Object(Illuminate\Http\Request))
#12 C:\jiuli\htdocs\storage\framework\compiled.php(8334): Illuminate\Pipeline\Pipeline->then(Object(Closure))
#13 C:\jiuli\htdocs\storage\framework\compiled.php(8320): Illuminate\Routing\ControllerDispatcher->callWithinStack(Object(App\Http\Controllers\Admin\RegionsController), Object(Illuminate\Routing\Route), Object(Illuminate\Http\Request), 'index')
#14 C:\jiuli\htdocs\storage\framework\compiled.php(7317): Illuminate\Routing\ControllerDispatcher->dispatch(Object(Illuminate\Routing\Route), Object(Illuminate\Http\Request), 'App\\Http\\Contro...', 'index')
#15 C:\jiuli\htdocs\storage\framework\compiled.php(7288): Illuminate\Routing\Route->runWithCustomDispatcher(Object(Illuminate\Http\Request))
#16 C:\jiuli\htdocs\storage\framework\compiled.php(6954): Illuminate\Routing\Route->run(Object(Illuminate\Http\Request))
#17 [internal function]: Illuminate\Routing\Router->Illuminate\Routing\{closure}(Object(Illuminate\Http\Request))
#18 C:\jiuli\htdocs\storage\framework\compiled.php(8952): call_user_func(Object(Closure), Object(Illuminate\Http\Request))
#19 C:\jiuli\htdocs\app\Http\Middleware\Authenticate.php(47): Illuminate\Pipeline\Pipeline->Illuminate\Pipeline\{closure}(Object(Illuminate\Http\Request))
#20 C:\jiuli\htdocs\storage\framework\compiled.php(8944): App\Http\Middleware\Authenticate->handle(Object(Illuminate\Http\Request), Object(Closure))
#21 [internal function]: Illuminate\Pipeline\Pipeline->Illuminate\Pipeline\{closure}(Object(Illuminate\Http\Request))
#22 C:\jiuli\htdocs\storage\framework\compiled.php(8935): call_user_func(Object(Closure), Object(Illuminate\Http\Request))
#23 C:\jiuli\htdocs\storage\framework\compiled.php(6955): Illuminate\Pipeline\Pipeline->then(Object(Closure))
#24 C:\jiuli\htdocs\storage\framework\compiled.php(6944): Illuminate\Routing\Router->runRouteWithinStack(Object(Illuminate\Routing\Route), Object(Illuminate\Http\Request))
#25 C:\jiuli\htdocs\storage\framework\compiled.php(6929): Illuminate\Routing\Router->dispatchToRoute(Object(Illuminate\Http\Request))
#26 C:\jiuli\htdocs\storage\framework\compiled.php(1935): Illuminate\Routing\Router->dispatch(Object(Illuminate\Http\Request))
#27 [internal function]: Illuminate\Foundation\Http\Kernel->Illuminate\Foundation\Http\{closure}(Object(Illuminate\Http\Request))
#28 C:\jiuli\htdocs\storage\framework\compiled.php(8952): call_user_func(Object(Closure), Object(Illuminate\Http\Request))
#29 C:\jiuli\htdocs\storage\framework\compiled.php(2438): Illuminate\Pipeline\Pipeline->Illuminate\Pipeline\{closure}(Object(Illuminate\Http\Request))
#30 C:\jiuli\htdocs\app\Http\Middleware\VerifyCsrfToken.php(17): Illuminate\Foundation\Http\Middleware\VerifyCsrfToken->handle(Object(Illuminate\Http\Request), Object(Closure))
#31 C:\jiuli\htdocs\storage\framework\compiled.php(8944): App\Http\Middleware\VerifyCsrfToken->handle(Object(Illuminate\Http\Request), Object(Closure))
#32 C:\jiuli\htdocs\storage\framework\compiled.php(12083): Illuminate\Pipeline\Pipeline->Illuminate\Pipeline\{closure}(Object(Illuminate\Http\Request))
#33 C:\jiuli\htdocs\storage\framework\compiled.php(8944): Illuminate\View\Middleware\ShareErrorsFromSession->handle(Object(Illuminate\Http\Request), Object(Closure))
#34 C:\jiuli\htdocs\storage\framework\compiled.php(10785): Illuminate\Pipeline\Pipeline->Illuminate\Pipeline\{closure}(Object(Illuminate\Http\Request))
#35 C:\jiuli\htdocs\storage\framework\compiled.php(8944): Illuminate\Session\Middleware\StartSession->handle(Object(Illuminate\Http\Request), Object(Closure))
#36 C:\jiuli\htdocs\storage\framework\compiled.php(11789): Illuminate\Pipeline\Pipeline->Illuminate\Pipeline\{closure}(Object(Illuminate\Http\Request))
#37 C:\jiuli\htdocs\storage\framework\compiled.php(8944): Illuminate\Cookie\Middleware\AddQueuedCookiesToResponse->handle(Object(Illuminate\Http\Request), Object(Closure))
#38 C:\jiuli\htdocs\storage\framework\compiled.php(11738): Illuminate\Pipeline\Pipeline->Illuminate\Pipeline\{closure}(Object(Illuminate\Http\Request))
#39 C:\jiuli\htdocs\storage\framework\compiled.php(8944): Illuminate\Cookie\Middleware\EncryptCookies->handle(Object(Illuminate\Http\Request), Object(Closure))
#40 C:\jiuli\htdocs\storage\framework\compiled.php(2478): Illuminate\Pipeline\Pipeline->Illuminate\Pipeline\{closure}(Object(Illuminate\Http\Request))
#41 C:\jiuli\htdocs\storage\framework\compiled.php(8944): Illuminate\Foundation\Http\Middleware\CheckForMaintenanceMode->handle(Object(Illuminate\Http\Request), Object(Closure))
#42 [internal function]: Illuminate\Pipeline\Pipeline->Illuminate\Pipeline\{closure}(Object(Illuminate\Http\Request))
#43 C:\jiuli\htdocs\storage\framework\compiled.php(8935): call_user_func(Object(Closure), Object(Illuminate\Http\Request))
#44 C:\jiuli\htdocs\storage\framework\compiled.php(1891): Illuminate\Pipeline\Pipeline->then(Object(Closure))
#45 C:\jiuli\htdocs\storage\framework\compiled.php(1880): Illuminate\Foundation\Http\Kernel->sendRequestThroughRouter(Object(Illuminate\Http\Request))
#46 C:\jiuli\htdocs\public\index.php(53): Illuminate\Foundation\Http\Kernel->handle(Object(Illuminate\Http\Request))
#47 {main}  
[2015-03-14 06:58:54] local.ERROR: exception 'InvalidArgumentException' with message 'View [RegionAdmin] not found.' in C:\jiuli\htdocs\storage\framework\compiled.php:12898
Stack trace:
#0 C:\jiuli\htdocs\storage\framework\compiled.php(12871): Illuminate\View\FileViewFinder->findInPaths('RegionAdmin', Array)
#1 C:\jiuli\htdocs\storage\framework\compiled.php(12996): Illuminate\View\FileViewFinder->find('RegionAdmin')
#2 C:\jiuli\htdocs\vendor\laravel\framework\src\Illuminate\Foundation\helpers.php(563): Illuminate\View\Factory->make('RegionAdmin', Array, Array)
#3 C:\jiuli\htdocs\app\Http\Controllers\Admin\RegionsController.php(19): view('RegionAdmin')
#4 [internal function]: App\Http\Controllers\Admin\RegionsController->index()
#5 C:\jiuli\htdocs\storage\framework\compiled.php(8287): call_user_func_array(Array, Array)
#6 C:\jiuli\htdocs\storage\framework\compiled.php(8354): Illuminate\Routing\Controller->callAction('index', Array)
#7 C:\jiuli\htdocs\storage\framework\compiled.php(8333): Illuminate\Routing\ControllerDispatcher->call(Object(App\Http\Controllers\Admin\RegionsController), Object(Illuminate\Routing\Route), 'index')
#8 [internal function]: Illuminate\Routing\ControllerDispatcher->Illuminate\Routing\{closure}(Object(Illuminate\Http\Request))
#9 C:\jiuli\htdocs\storage\framework\compiled.php(8952): call_user_func(Object(Closure), Object(Illuminate\Http\Request))
#10 [internal function]: Illuminate\Pipeline\Pipeline->Illuminate\Pipeline\{closure}(Object(Illuminate\Http\Request))
#11 C:\jiuli\htdocs\storage\framework\compiled.php(8935): call_user_func(Object(Closure), Object(Illuminate\Http\Request))
#12 C:\jiuli\htdocs\storage\framework\compiled.php(8334): Illuminate\Pipeline\Pipeline->then(Object(Closure))
#13 C:\jiuli\htdocs\storage\framework\compiled.php(8320): Illuminate\Routing\ControllerDispatcher->callWithinStack(Object(App\Http\Controllers\Admin\RegionsController), Object(Illuminate\Routing\Route), Object(Illuminate\Http\Request), 'index')
#14 C:\jiuli\htdocs\storage\framework\compiled.php(7317): Illuminate\Routing\ControllerDispatcher->dispatch(Object(Illuminate\Routing\Route), Object(Illuminate\Http\Request), 'App\\Http\\Contro...', 'index')
#15 C:\jiuli\htdocs\storage\framework\compiled.php(7288): Illuminate\Routing\Route->runWithCustomDispatcher(Object(Illuminate\Http\Request))
#16 C:\jiuli\htdocs\storage\framework\compiled.php(6954): Illuminate\Routing\Route->run(Object(Illuminate\Http\Request))
#17 [internal function]: Illuminate\Routing\Router->Illuminate\Routing\{closure}(Object(Illuminate\Http\Request))
#18 C:\jiuli\htdocs\storage\framework\compiled.php(8952): call_user_func(Object(Closure), Object(Illuminate\Http\Request))
#19 C:\jiuli\htdocs\app\Http\Middleware\Authenticate.php(47): Illuminate\Pipeline\Pipeline->Illuminate\Pipeline\{closure}(Object(Illuminate\Http\Request))
#20 C:\jiuli\htdocs\storage\framework\compiled.php(8944): App\Http\Middleware\Authenticate->handle(Object(Illuminate\Http\Request), Object(Closure))
#21 [internal function]: Illuminate\Pipeline\Pipeline->Illuminate\Pipeline\{closure}(Object(Illuminate\Http\Request))
#22 C:\jiuli\htdocs\storage\framework\compiled.php(8935): call_user_func(Object(Closure), Object(Illuminate\Http\Request))
#23 C:\jiuli\htdocs\storage\framework\compiled.php(6955): Illuminate\Pipeline\Pipeline->then(Object(Closure))
#24 C:\jiuli\htdocs\storage\framework\compiled.php(6944): Illuminate\Routing\Router->runRouteWithinStack(Object(Illuminate\Routing\Route), Object(Illuminate\Http\Request))
#25 C:\jiuli\htdocs\storage\framework\compiled.php(6929): Illuminate\Routing\Router->dispatchToRoute(Object(Illuminate\Http\Request))
#26 C:\jiuli\htdocs\storage\framework\compiled.php(1935): Illuminate\Routing\Router->dispatch(Object(Illuminate\Http\Request))
#27 [internal function]: Illuminate\Foundation\Http\Kernel->Illuminate\Foundation\Http\{closure}(Object(Illuminate\Http\Request))
#28 C:\jiuli\htdocs\storage\framework\compiled.php(8952): call_user_func(Object(Closure), Object(Illuminate\Http\Request))
#29 C:\jiuli\htdocs\storage\framework\compiled.php(2438): Illuminate\Pipeline\Pipeline->Illuminate\Pipeline\{closure}(Object(Illuminate\Http\Request))
#30 C:\jiuli\htdocs\app\Http\Middleware\VerifyCsrfToken.php(17): Illuminate\Foundation\Http\Middleware\VerifyCsrfToken->handle(Object(Illuminate\Http\Request), Object(Closure))
#31 C:\jiuli\htdocs\storage\framework\compiled.php(8944): App\Http\Middleware\VerifyCsrfToken->handle(Object(Illuminate\Http\Request), Object(Closure))
#32 C:\jiuli\htdocs\storage\framework\compiled.php(12083): Illuminate\Pipeline\Pipeline->Illuminate\Pipeline\{closure}(Object(Illuminate\Http\Request))
#33 C:\jiuli\htdocs\storage\framework\compiled.php(8944): Illuminate\View\Middleware\ShareErrorsFromSession->handle(Object(Illuminate\Http\Request), Object(Closure))
#34 C:\jiuli\htdocs\storage\framework\compiled.php(10785): Illuminate\Pipeline\Pipeline->Illuminate\Pipeline\{closure}(Object(Illuminate\Http\Request))
#35 C:\jiuli\htdocs\storage\framework\compiled.php(8944): Illuminate\Session\Middleware\StartSession->handle(Object(Illuminate\Http\Request), Object(Closure))
#36 C:\jiuli\htdocs\storage\framework\compiled.php(11789): Illuminate\Pipeline\Pipeline->Illuminate\Pipeline\{closure}(Object(Illuminate\Http\Request))
#37 C:\jiuli\htdocs\storage\framework\compiled.php(8944): Illuminate\Cookie\Middleware\AddQueuedCookiesToResponse->handle(Object(Illuminate\Http\Request), Object(Closure))
#38 C:\jiuli\htdocs\storage\framework\compiled.php(11738): Illuminate\Pipeline\Pipeline->Illuminate\Pipeline\{closure}(Object(Illuminate\Http\Request))
#39 C:\jiuli\htdocs\storage\framework\compiled.php(8944): Illuminate\Cookie\Middleware\EncryptCookies->handle(Object(Illuminate\Http\Request), Object(Closure))
#40 C:\jiuli\htdocs\storage\framework\compiled.php(2478): Illuminate\Pipeline\Pipeline->Illuminate\Pipeline\{closure}(Object(Illuminate\Http\Request))
#41 C:\jiuli\htdocs\storage\framework\compiled.php(8944): Illuminate\Foundation\Http\Middleware\CheckForMaintenanceMode->handle(Object(Illuminate\Http\Request), Object(Closure))
#42 [internal function]: Illuminate\Pipeline\Pipeline->Illuminate\Pipeline\{closure}(Object(Illuminate\Http\Request))
#43 C:\jiuli\htdocs\storage\framework\compiled.php(8935): call_user_func(Object(Closure), Object(Illuminate\Http\Request))
#44 C:\jiuli\htdocs\storage\framework\compiled.php(1891): Illuminate\Pipeline\Pipeline->then(Object(Closure))
#45 C:\jiuli\htdocs\storage\framework\compiled.php(1880): Illuminate\Foundation\Http\Kernel->sendRequestThroughRouter(Object(Illuminate\Http\Request))
#46 C:\jiuli\htdocs\public\index.php(53): Illuminate\Foundation\Http\Kernel->handle(Object(Illuminate\Http\Request))
#47 {main}  
[2015-03-14 07:08:22] local.ERROR: exception 'Symfony\Component\Debug\Exception\FatalErrorException' with message 'syntax error, unexpected '=>' (T_DOUBLE_ARROW), expecting ']'' in C:\jiuli\htdocs\app\Http\Controllers\Admin\RegionsController.php:41
Stack trace:
#0 C:\jiuli\htdocs\storage\framework\compiled.php(1738): Illuminate\Foundation\Bootstrap\HandleExceptions->fatalExceptionFromError(Array)
#1 [internal function]: Illuminate\Foundation\Bootstrap\HandleExceptions->handleShutdown()
#2 {main}  
[2015-03-14 07:08:25] local.ERROR: exception 'Symfony\Component\Debug\Exception\FatalErrorException' with message 'syntax error, unexpected '=>' (T_DOUBLE_ARROW), expecting ']'' in C:\jiuli\htdocs\app\Http\Controllers\Admin\RegionsController.php:41
Stack trace:
#0 C:\jiuli\htdocs\storage\framework\compiled.php(1738): Illuminate\Foundation\Bootstrap\HandleExceptions->fatalExceptionFromError(Array)
#1 [internal function]: Illuminate\Foundation\Bootstrap\HandleExceptions->handleShutdown()
#2 {main}  
[2015-03-14 07:09:19] local.ERROR: exception 'Symfony\Component\Debug\Exception\FatalErrorException' with message 'syntax error, unexpected '=>' (T_DOUBLE_ARROW), expecting ']'' in C:\jiuli\htdocs\app\Http\Controllers\Admin\RegionsController.php:83
Stack trace:
#0 C:\jiuli\htdocs\storage\framework\compiled.php(1738): Illuminate\Foundation\Bootstrap\HandleExceptions->fatalExceptionFromError(Array)
#1 [internal function]: Illuminate\Foundation\Bootstrap\HandleExceptions->handleShutdown()
#2 {main}  
[2015-03-14 07:15:52] local.ERROR: exception 'Symfony\Component\Debug\Exception\FatalErrorException' with message 'syntax error, unexpected '}'' in C:\jiuli\htdocs\app\Http\Controllers\Admin\RegionsController.php:107
Stack trace:
#0 C:\jiuli\htdocs\storage\framework\compiled.php(1738): Illuminate\Foundation\Bootstrap\HandleExceptions->fatalExceptionFromError(Array)
#1 [internal function]: Illuminate\Foundation\Bootstrap\HandleExceptions->handleShutdown()
#2 {main}  
