[2015-03-13 08:01:36] local.ERROR: exception 'InvalidArgumentException' with message 'View [_layouts.default] not found.' in C:\jiuli\htdocs\storage\framework\compiled.php:12898
Stack trace:
#0 C:\jiuli\htdocs\storage\framework\compiled.php(12871): Illuminate\View\FileViewFinder->findInPaths('_layouts.defaul...', Array)
#1 C:\jiuli\htdocs\storage\framework\compiled.php(12996): Illuminate\View\FileViewFinder->find('_layouts.defaul...')
#2 C:\jiuli\htdocs\storage\framework\views\f38fe9a9915504ea0b87651825134a8c(29): Illuminate\View\Factory->make('_layouts.defaul...', Array)
#3 C:\jiuli\htdocs\storage\framework\compiled.php(13650): include('C:\\jiuli\\htdocs...')
#4 C:\jiuli\htdocs\storage\framework\compiled.php(13683): Illuminate\View\Engines\PhpEngine->evaluatePath('C:\\jiuli\\htdocs...', Array)
#5 C:\jiuli\htdocs\storage\framework\compiled.php(13523): Illuminate\View\Engines\CompilerEngine->get('C:\\jiuli\\htdocs...', Array)
#6 C:\jiuli\htdocs\storage\framework\compiled.php(13510): Illuminate\View\View->getContents()
#7 C:\jiuli\htdocs\storage\framework\compiled.php(13501): Illuminate\View\View->renderContents()
#8 C:\jiuli\htdocs\storage\framework\compiled.php(14597): Illuminate\View\View->render()
#9 C:\jiuli\htdocs\storage\framework\compiled.php(14126): Illuminate\Http\Response->setContent(Object(Illuminate\View\View))
#10 C:\jiuli\htdocs\storage\framework\compiled.php(7154): Symfony\Component\HttpFoundation\Response->__construct(Object(Illuminate\View\View))
#11 C:\jiuli\htdocs\storage\framework\compiled.php(6954): Illuminate\Routing\Router->prepareResponse(Object(Illuminate\Http\Request), Object(Illuminate\View\View))
#12 [internal function]: Illuminate\Routing\Router->Illuminate\Routing\{closure}(Object(Illuminate\Http\Request))
#13 C:\jiuli\htdocs\storage\framework\compiled.php(8952): call_user_func(Object(Closure), Object(Illuminate\Http\Request))
#14 [internal function]: Illuminate\Pipeline\Pipeline->Illuminate\Pipeline\{closure}(Object(Illuminate\Http\Request))
#15 C:\jiuli\htdocs\storage\framework\compiled.php(8935): call_user_func(Object(Closure), Object(Illuminate\Http\Request))
#16 C:\jiuli\htdocs\storage\framework\compiled.php(6955): Illuminate\Pipeline\Pipeline->then(Object(Closure))
#17 C:\jiuli\htdocs\storage\framework\compiled.php(6944): Illuminate\Routing\Router->runRouteWithinStack(Object(Illuminate\Routing\Route), Object(Illuminate\Http\Request))
#18 C:\jiuli\htdocs\storage\framework\compiled.php(6929): Illuminate\Routing\Router->dispatchToRoute(Object(Illuminate\Http\Request))
#19 C:\jiuli\htdocs\storage\framework\compiled.php(1935): Illuminate\Routing\Router->dispatch(Object(Illuminate\Http\Request))
#20 [internal function]: Illuminate\Foundation\Http\Kernel->Illuminate\Foundation\Http\{closure}(Object(Illuminate\Http\Request))
#21 C:\jiuli\htdocs\storage\framework\compiled.php(8952): call_user_func(Object(Closure), Object(Illuminate\Http\Request))
#22 C:\jiuli\htdocs\storage\framework\compiled.php(2438): Illuminate\Pipeline\Pipeline->Illuminate\Pipeline\{closure}(Object(Illuminate\Http\Request))
#23 C:\jiuli\htdocs\app\Http\Middleware\VerifyCsrfToken.php(17): Illuminate\Foundation\Http\Middleware\VerifyCsrfToken->handle(Object(Illuminate\Http\Request), Object(Closure))
#24 C:\jiuli\htdocs\storage\framework\compiled.php(8944): App\Http\Middleware\VerifyCsrfToken->handle(Object(Illuminate\Http\Request), Object(Closure))
#25 C:\jiuli\htdocs\storage\framework\compiled.php(12083): Illuminate\Pipeline\Pipeline->Illuminate\Pipeline\{closure}(Object(Illuminate\Http\Request))
#26 C:\jiuli\htdocs\storage\framework\compiled.php(8944): Illuminate\View\Middleware\ShareErrorsFromSession->handle(Object(Illuminate\Http\Request), Object(Closure))
#27 C:\jiuli\htdocs\storage\framework\compiled.php(10785): Illuminate\Pipeline\Pipeline->Illuminate\Pipeline\{closure}(Object(Illuminate\Http\Request))
#28 C:\jiuli\htdocs\storage\framework\compiled.php(8944): Illuminate\Session\Middleware\StartSession->handle(Object(Illuminate\Http\Request), Object(Closure))
#29 C:\jiuli\htdocs\storage\framework\compiled.php(11789): Illuminate\Pipeline\Pipeline->Illuminate\Pipeline\{closure}(Object(Illuminate\Http\Request))
#30 C:\jiuli\htdocs\storage\framework\compiled.php(8944): Illuminate\Cookie\Middleware\AddQueuedCookiesToResponse->handle(Object(Illuminate\Http\Request), Object(Closure))
#31 C:\jiuli\htdocs\storage\framework\compiled.php(11738): Illuminate\Pipeline\Pipeline->Illuminate\Pipeline\{closure}(Object(Illuminate\Http\Request))
#32 C:\jiuli\htdocs\storage\framework\compiled.php(8944): Illuminate\Cookie\Middleware\EncryptCookies->handle(Object(Illuminate\Http\Request), Object(Closure))
#33 C:\jiuli\htdocs\storage\framework\compiled.php(2478): Illuminate\Pipeline\Pipeline->Illuminate\Pipeline\{closure}(Object(Illuminate\Http\Request))
#34 C:\jiuli\htdocs\storage\framework\compiled.php(8944): Illuminate\Foundation\Http\Middleware\CheckForMaintenanceMode->handle(Object(Illuminate\Http\Request), Object(Closure))
#35 [internal function]: Illuminate\Pipeline\Pipeline->Illuminate\Pipeline\{closure}(Object(Illuminate\Http\Request))
#36 C:\jiuli\htdocs\storage\framework\compiled.php(8935): call_user_func(Object(Closure), Object(Illuminate\Http\Request))
#37 C:\jiuli\htdocs\storage\framework\compiled.php(1891): Illuminate\Pipeline\Pipeline->then(Object(Closure))
#38 C:\jiuli\htdocs\storage\framework\compiled.php(1880): Illuminate\Foundation\Http\Kernel->sendRequestThroughRouter(Object(Illuminate\Http\Request))
#39 C:\jiuli\htdocs\public\index.php(53): Illuminate\Foundation\Http\Kernel->handle(Object(Illuminate\Http\Request))
#40 {main}

Next exception 'ErrorException' with message 'View [_layouts.default] not found. (View: C:\jiuli\htdocs\resources\views\home.blade.php)' in C:\jiuli\htdocs\storage\framework\compiled.php:12898
Stack trace:
#0 C:\jiuli\htdocs\storage\framework\compiled.php(13652): Illuminate\View\Engines\CompilerEngine->handleViewException(Object(InvalidArgumentException), 1)
#1 C:\jiuli\htdocs\storage\framework\compiled.php(13683): Illuminate\View\Engines\PhpEngine->evaluatePath('C:\\jiuli\\htdocs...', Array)
#2 C:\jiuli\htdocs\storage\framework\compiled.php(13523): Illuminate\View\Engines\CompilerEngine->get('C:\\jiuli\\htdocs...', Array)
#3 C:\jiuli\htdocs\storage\framework\compiled.php(13510): Illuminate\View\View->getContents()
#4 C:\jiuli\htdocs\storage\framework\compiled.php(13501): Illuminate\View\View->renderContents()
#5 C:\jiuli\htdocs\storage\framework\compiled.php(14597): Illuminate\View\View->render()
#6 C:\jiuli\htdocs\storage\framework\compiled.php(14126): Illuminate\Http\Response->setContent(Object(Illuminate\View\View))
#7 C:\jiuli\htdocs\storage\framework\compiled.php(7154): Symfony\Component\HttpFoundation\Response->__construct(Object(Illuminate\View\View))
#8 C:\jiuli\htdocs\storage\framework\compiled.php(6954): Illuminate\Routing\Router->prepareResponse(Object(Illuminate\Http\Request), Object(Illuminate\View\View))
#9 [internal function]: Illuminate\Routing\Router->Illuminate\Routing\{closure}(Object(Illuminate\Http\Request))
#10 C:\jiuli\htdocs\storage\framework\compiled.php(8952): call_user_func(Object(Closure), Object(Illuminate\Http\Request))
#11 [internal function]: Illuminate\Pipeline\Pipeline->Illuminate\Pipeline\{closure}(Object(Illuminate\Http\Request))
#12 C:\jiuli\htdocs\storage\framework\compiled.php(8935): call_user_func(Object(Closure), Object(Illuminate\Http\Request))
#13 C:\jiuli\htdocs\storage\framework\compiled.php(6955): Illuminate\Pipeline\Pipeline->then(Object(Closure))
#14 C:\jiuli\htdocs\storage\framework\compiled.php(6944): Illuminate\Routing\Router->runRouteWithinStack(Object(Illuminate\Routing\Route), Object(Illuminate\Http\Request))
#15 C:\jiuli\htdocs\storage\framework\compiled.php(6929): Illuminate\Routing\Router->dispatchToRoute(Object(Illuminate\Http\Request))
#16 C:\jiuli\htdocs\storage\framework\compiled.php(1935): Illuminate\Routing\Router->dispatch(Object(Illuminate\Http\Request))
#17 [internal function]: Illuminate\Foundation\Http\Kernel->Illuminate\Foundation\Http\{closure}(Object(Illuminate\Http\Request))
#18 C:\jiuli\htdocs\storage\framework\compiled.php(8952): call_user_func(Object(Closure), Object(Illuminate\Http\Request))
#19 C:\jiuli\htdocs\storage\framework\compiled.php(2438): Illuminate\Pipeline\Pipeline->Illuminate\Pipeline\{closure}(Object(Illuminate\Http\Request))
#20 C:\jiuli\htdocs\app\Http\Middleware\VerifyCsrfToken.php(17): Illuminate\Foundation\Http\Middleware\VerifyCsrfToken->handle(Object(Illuminate\Http\Request), Object(Closure))
#21 C:\jiuli\htdocs\storage\framework\compiled.php(8944): App\Http\Middleware\VerifyCsrfToken->handle(Object(Illuminate\Http\Request), Object(Closure))
#22 C:\jiuli\htdocs\storage\framework\compiled.php(12083): Illuminate\Pipeline\Pipeline->Illuminate\Pipeline\{closure}(Object(Illuminate\Http\Request))
#23 C:\jiuli\htdocs\storage\framework\compiled.php(8944): Illuminate\View\Middleware\ShareErrorsFromSession->handle(Object(Illuminate\Http\Request), Object(Closure))
#24 C:\jiuli\htdocs\storage\framework\compiled.php(10785): Illuminate\Pipeline\Pipeline->Illuminate\Pipeline\{closure}(Object(Illuminate\Http\Request))
#25 C:\jiuli\htdocs\storage\framework\compiled.php(8944): Illuminate\Session\Middleware\StartSession->handle(Object(Illuminate\Http\Request), Object(Closure))
#26 C:\jiuli\htdocs\storage\framework\compiled.php(11789): Illuminate\Pipeline\Pipeline->Illuminate\Pipeline\{closure}(Object(Illuminate\Http\Request))
#27 C:\jiuli\htdocs\storage\framework\compiled.php(8944): Illuminate\Cookie\Middleware\AddQueuedCookiesToResponse->handle(Object(Illuminate\Http\Request), Object(Closure))
#28 C:\jiuli\htdocs\storage\framework\compiled.php(11738): Illuminate\Pipeline\Pipeline->Illuminate\Pipeline\{closure}(Object(Illuminate\Http\Request))
#29 C:\jiuli\htdocs\storage\framework\compiled.php(8944): Illuminate\Cookie\Middleware\EncryptCookies->handle(Object(Illuminate\Http\Request), Object(Closure))
#30 C:\jiuli\htdocs\storage\framework\compiled.php(2478): Illuminate\Pipeline\Pipeline->Illuminate\Pipeline\{closure}(Object(Illuminate\Http\Request))
#31 C:\jiuli\htdocs\storage\framework\compiled.php(8944): Illuminate\Foundation\Http\Middleware\CheckForMaintenanceMode->handle(Object(Illuminate\Http\Request), Object(Closure))
#32 [internal function]: Illuminate\Pipeline\Pipeline->Illuminate\Pipeline\{closure}(Object(Illuminate\Http\Request))
#33 C:\jiuli\htdocs\storage\framework\compiled.php(8935): call_user_func(Object(Closure), Object(Illuminate\Http\Request))
#34 C:\jiuli\htdocs\storage\framework\compiled.php(1891): Illuminate\Pipeline\Pipeline->then(Object(Closure))
#35 C:\jiuli\htdocs\storage\framework\compiled.php(1880): Illuminate\Foundation\Http\Kernel->sendRequestThroughRouter(Object(Illuminate\Http\Request))
#36 C:\jiuli\htdocs\public\index.php(53): Illuminate\Foundation\Http\Kernel->handle(Object(Illuminate\Http\Request))
#37 {main}  
[2015-03-13 08:30:00] local.ERROR: exception 'InvalidArgumentException' with message 'View [_layouts.default] not found.' in C:\jiuli\htdocs\storage\framework\compiled.php:12898
Stack trace:
#0 C:\jiuli\htdocs\storage\framework\compiled.php(12871): Illuminate\View\FileViewFinder->findInPaths('_layouts.defaul...', Array)
#1 C:\jiuli\htdocs\storage\framework\compiled.php(12996): Illuminate\View\FileViewFinder->find('_layouts.defaul...')
#2 C:\jiuli\htdocs\storage\framework\views\f38fe9a9915504ea0b87651825134a8c(29): Illuminate\View\Factory->make('_layouts.defaul...', Array)
#3 C:\jiuli\htdocs\storage\framework\compiled.php(13650): include('C:\\jiuli\\htdocs...')
#4 C:\jiuli\htdocs\storage\framework\compiled.php(13683): Illuminate\View\Engines\PhpEngine->evaluatePath('C:\\jiuli\\htdocs...', Array)
#5 C:\jiuli\htdocs\storage\framework\compiled.php(13523): Illuminate\View\Engines\CompilerEngine->get('C:\\jiuli\\htdocs...', Array)
#6 C:\jiuli\htdocs\storage\framework\compiled.php(13510): Illuminate\View\View->getContents()
#7 C:\jiuli\htdocs\storage\framework\compiled.php(13501): Illuminate\View\View->renderContents()
#8 C:\jiuli\htdocs\storage\framework\compiled.php(14597): Illuminate\View\View->render()
#9 C:\jiuli\htdocs\storage\framework\compiled.php(14126): Illuminate\Http\Response->setContent(Object(Illuminate\View\View))
#10 C:\jiuli\htdocs\storage\framework\compiled.php(7154): Symfony\Component\HttpFoundation\Response->__construct(Object(Illuminate\View\View))
#11 C:\jiuli\htdocs\storage\framework\compiled.php(6954): Illuminate\Routing\Router->prepareResponse(Object(Illuminate\Http\Request), Object(Illuminate\View\View))
#12 [internal function]: Illuminate\Routing\Router->Illuminate\Routing\{closure}(Object(Illuminate\Http\Request))
#13 C:\jiuli\htdocs\storage\framework\compiled.php(8952): call_user_func(Object(Closure), Object(Illuminate\Http\Request))
#14 [internal function]: Illuminate\Pipeline\Pipeline->Illuminate\Pipeline\{closure}(Object(Illuminate\Http\Request))
#15 C:\jiuli\htdocs\storage\framework\compiled.php(8935): call_user_func(Object(Closure), Object(Illuminate\Http\Request))
#16 C:\jiuli\htdocs\storage\framework\compiled.php(6955): Illuminate\Pipeline\Pipeline->then(Object(Closure))
#17 C:\jiuli\htdocs\storage\framework\compiled.php(6944): Illuminate\Routing\Router->runRouteWithinStack(Object(Illuminate\Routing\Route), Object(Illuminate\Http\Request))
#18 C:\jiuli\htdocs\storage\framework\compiled.php(6929): Illuminate\Routing\Router->dispatchToRoute(Object(Illuminate\Http\Request))
#19 C:\jiuli\htdocs\storage\framework\compiled.php(1935): Illuminate\Routing\Router->dispatch(Object(Illuminate\Http\Request))
#20 [internal function]: Illuminate\Foundation\Http\Kernel->Illuminate\Foundation\Http\{closure}(Object(Illuminate\Http\Request))
#21 C:\jiuli\htdocs\storage\framework\compiled.php(8952): call_user_func(Object(Closure), Object(Illuminate\Http\Request))
#22 C:\jiuli\htdocs\storage\framework\compiled.php(2438): Illuminate\Pipeline\Pipeline->Illuminate\Pipeline\{closure}(Object(Illuminate\Http\Request))
#23 C:\jiuli\htdocs\app\Http\Middleware\VerifyCsrfToken.php(17): Illuminate\Foundation\Http\Middleware\VerifyCsrfToken->handle(Object(Illuminate\Http\Request), Object(Closure))
#24 C:\jiuli\htdocs\storage\framework\compiled.php(8944): App\Http\Middleware\VerifyCsrfToken->handle(Object(Illuminate\Http\Request), Object(Closure))
#25 C:\jiuli\htdocs\storage\framework\compiled.php(12083): Illuminate\Pipeline\Pipeline->Illuminate\Pipeline\{closure}(Object(Illuminate\Http\Request))
#26 C:\jiuli\htdocs\storage\framework\compiled.php(8944): Illuminate\View\Middleware\ShareErrorsFromSession->handle(Object(Illuminate\Http\Request), Object(Closure))
#27 C:\jiuli\htdocs\storage\framework\compiled.php(10785): Illuminate\Pipeline\Pipeline->Illuminate\Pipeline\{closure}(Object(Illuminate\Http\Request))
#28 C:\jiuli\htdocs\storage\framework\compiled.php(8944): Illuminate\Session\Middleware\StartSession->handle(Object(Illuminate\Http\Request), Object(Closure))
#29 C:\jiuli\htdocs\storage\framework\compiled.php(11789): Illuminate\Pipeline\Pipeline->Illuminate\Pipeline\{closure}(Object(Illuminate\Http\Request))
#30 C:\jiuli\htdocs\storage\framework\compiled.php(8944): Illuminate\Cookie\Middleware\AddQueuedCookiesToResponse->handle(Object(Illuminate\Http\Request), Object(Closure))
#31 C:\jiuli\htdocs\storage\framework\compiled.php(11738): Illuminate\Pipeline\Pipeline->Illuminate\Pipeline\{closure}(Object(Illuminate\Http\Request))
#32 C:\jiuli\htdocs\storage\framework\compiled.php(8944): Illuminate\Cookie\Middleware\EncryptCookies->handle(Object(Illuminate\Http\Request), Object(Closure))
#33 C:\jiuli\htdocs\storage\framework\compiled.php(2478): Illuminate\Pipeline\Pipeline->Illuminate\Pipeline\{closure}(Object(Illuminate\Http\Request))
#34 C:\jiuli\htdocs\storage\framework\compiled.php(8944): Illuminate\Foundation\Http\Middleware\CheckForMaintenanceMode->handle(Object(Illuminate\Http\Request), Object(Closure))
#35 [internal function]: Illuminate\Pipeline\Pipeline->Illuminate\Pipeline\{closure}(Object(Illuminate\Http\Request))
#36 C:\jiuli\htdocs\storage\framework\compiled.php(8935): call_user_func(Object(Closure), Object(Illuminate\Http\Request))
#37 C:\jiuli\htdocs\storage\framework\compiled.php(1891): Illuminate\Pipeline\Pipeline->then(Object(Closure))
#38 C:\jiuli\htdocs\storage\framework\compiled.php(1880): Illuminate\Foundation\Http\Kernel->sendRequestThroughRouter(Object(Illuminate\Http\Request))
#39 C:\jiuli\htdocs\public\index.php(53): Illuminate\Foundation\Http\Kernel->handle(Object(Illuminate\Http\Request))
#40 {main}

Next exception 'ErrorException' with message 'View [_layouts.default] not found. (View: C:\jiuli\htdocs\resources\views\home.blade.php)' in C:\jiuli\htdocs\storage\framework\compiled.php:12898
Stack trace:
#0 C:\jiuli\htdocs\storage\framework\compiled.php(13652): Illuminate\View\Engines\CompilerEngine->handleViewException(Object(InvalidArgumentException), 1)
#1 C:\jiuli\htdocs\storage\framework\compiled.php(13683): Illuminate\View\Engines\PhpEngine->evaluatePath('C:\\jiuli\\htdocs...', Array)
#2 C:\jiuli\htdocs\storage\framework\compiled.php(13523): Illuminate\View\Engines\CompilerEngine->get('C:\\jiuli\\htdocs...', Array)
#3 C:\jiuli\htdocs\storage\framework\compiled.php(13510): Illuminate\View\View->getContents()
#4 C:\jiuli\htdocs\storage\framework\compiled.php(13501): Illuminate\View\View->renderContents()
#5 C:\jiuli\htdocs\storage\framework\compiled.php(14597): Illuminate\View\View->render()
#6 C:\jiuli\htdocs\storage\framework\compiled.php(14126): Illuminate\Http\Response->setContent(Object(Illuminate\View\View))
#7 C:\jiuli\htdocs\storage\framework\compiled.php(7154): Symfony\Component\HttpFoundation\Response->__construct(Object(Illuminate\View\View))
#8 C:\jiuli\htdocs\storage\framework\compiled.php(6954): Illuminate\Routing\Router->prepareResponse(Object(Illuminate\Http\Request), Object(Illuminate\View\View))
#9 [internal function]: Illuminate\Routing\Router->Illuminate\Routing\{closure}(Object(Illuminate\Http\Request))
#10 C:\jiuli\htdocs\storage\framework\compiled.php(8952): call_user_func(Object(Closure), Object(Illuminate\Http\Request))
#11 [internal function]: Illuminate\Pipeline\Pipeline->Illuminate\Pipeline\{closure}(Object(Illuminate\Http\Request))
#12 C:\jiuli\htdocs\storage\framework\compiled.php(8935): call_user_func(Object(Closure), Object(Illuminate\Http\Request))
#13 C:\jiuli\htdocs\storage\framework\compiled.php(6955): Illuminate\Pipeline\Pipeline->then(Object(Closure))
#14 C:\jiuli\htdocs\storage\framework\compiled.php(6944): Illuminate\Routing\Router->runRouteWithinStack(Object(Illuminate\Routing\Route), Object(Illuminate\Http\Request))
#15 C:\jiuli\htdocs\storage\framework\compiled.php(6929): Illuminate\Routing\Router->dispatchToRoute(Object(Illuminate\Http\Request))
#16 C:\jiuli\htdocs\storage\framework\compiled.php(1935): Illuminate\Routing\Router->dispatch(Object(Illuminate\Http\Request))
#17 [internal function]: Illuminate\Foundation\Http\Kernel->Illuminate\Foundation\Http\{closure}(Object(Illuminate\Http\Request))
#18 C:\jiuli\htdocs\storage\framework\compiled.php(8952): call_user_func(Object(Closure), Object(Illuminate\Http\Request))
#19 C:\jiuli\htdocs\storage\framework\compiled.php(2438): Illuminate\Pipeline\Pipeline->Illuminate\Pipeline\{closure}(Object(Illuminate\Http\Request))
#20 C:\jiuli\htdocs\app\Http\Middleware\VerifyCsrfToken.php(17): Illuminate\Foundation\Http\Middleware\VerifyCsrfToken->handle(Object(Illuminate\Http\Request), Object(Closure))
#21 C:\jiuli\htdocs\storage\framework\compiled.php(8944): App\Http\Middleware\VerifyCsrfToken->handle(Object(Illuminate\Http\Request), Object(Closure))
#22 C:\jiuli\htdocs\storage\framework\compiled.php(12083): Illuminate\Pipeline\Pipeline->Illuminate\Pipeline\{closure}(Object(Illuminate\Http\Request))
#23 C:\jiuli\htdocs\storage\framework\compiled.php(8944): Illuminate\View\Middleware\ShareErrorsFromSession->handle(Object(Illuminate\Http\Request), Object(Closure))
#24 C:\jiuli\htdocs\storage\framework\compiled.php(10785): Illuminate\Pipeline\Pipeline->Illuminate\Pipeline\{closure}(Object(Illuminate\Http\Request))
#25 C:\jiuli\htdocs\storage\framework\compiled.php(8944): Illuminate\Session\Middleware\StartSession->handle(Object(Illuminate\Http\Request), Object(Closure))
#26 C:\jiuli\htdocs\storage\framework\compiled.php(11789): Illuminate\Pipeline\Pipeline->Illuminate\Pipeline\{closure}(Object(Illuminate\Http\Request))
#27 C:\jiuli\htdocs\storage\framework\compiled.php(8944): Illuminate\Cookie\Middleware\AddQueuedCookiesToResponse->handle(Object(Illuminate\Http\Request), Object(Closure))
#28 C:\jiuli\htdocs\storage\framework\compiled.php(11738): Illuminate\Pipeline\Pipeline->Illuminate\Pipeline\{closure}(Object(Illuminate\Http\Request))
#29 C:\jiuli\htdocs\storage\framework\compiled.php(8944): Illuminate\Cookie\Middleware\EncryptCookies->handle(Object(Illuminate\Http\Request), Object(Closure))
#30 C:\jiuli\htdocs\storage\framework\compiled.php(2478): Illuminate\Pipeline\Pipeline->Illuminate\Pipeline\{closure}(Object(Illuminate\Http\Request))
#31 C:\jiuli\htdocs\storage\framework\compiled.php(8944): Illuminate\Foundation\Http\Middleware\CheckForMaintenanceMode->handle(Object(Illuminate\Http\Request), Object(Closure))
#32 [internal function]: Illuminate\Pipeline\Pipeline->Illuminate\Pipeline\{closure}(Object(Illuminate\Http\Request))
#33 C:\jiuli\htdocs\storage\framework\compiled.php(8935): call_user_func(Object(Closure), Object(Illuminate\Http\Request))
#34 C:\jiuli\htdocs\storage\framework\compiled.php(1891): Illuminate\Pipeline\Pipeline->then(Object(Closure))
#35 C:\jiuli\htdocs\storage\framework\compiled.php(1880): Illuminate\Foundation\Http\Kernel->sendRequestThroughRouter(Object(Illuminate\Http\Request))
#36 C:\jiuli\htdocs\public\index.php(53): Illuminate\Foundation\Http\Kernel->handle(Object(Illuminate\Http\Request))
#37 {main}  
[2015-03-13 08:30:00] local.ERROR: exception 'InvalidArgumentException' with message 'View [_layouts.default] not found.' in C:\jiuli\htdocs\storage\framework\compiled.php:12898
Stack trace:
#0 C:\jiuli\htdocs\storage\framework\compiled.php(12871): Illuminate\View\FileViewFinder->findInPaths('_layouts.defaul...', Array)
#1 C:\jiuli\htdocs\storage\framework\compiled.php(12996): Illuminate\View\FileViewFinder->find('_layouts.defaul...')
#2 C:\jiuli\htdocs\storage\framework\views\f38fe9a9915504ea0b87651825134a8c(29): Illuminate\View\Factory->make('_layouts.defaul...', Array)
#3 C:\jiuli\htdocs\storage\framework\compiled.php(13650): include('C:\\jiuli\\htdocs...')
#4 C:\jiuli\htdocs\storage\framework\compiled.php(13683): Illuminate\View\Engines\PhpEngine->evaluatePath('C:\\jiuli\\htdocs...', Array)
#5 C:\jiuli\htdocs\storage\framework\compiled.php(13523): Illuminate\View\Engines\CompilerEngine->get('C:\\jiuli\\htdocs...', Array)
#6 C:\jiuli\htdocs\storage\framework\compiled.php(13510): Illuminate\View\View->getContents()
#7 C:\jiuli\htdocs\storage\framework\compiled.php(13501): Illuminate\View\View->renderContents()
#8 C:\jiuli\htdocs\storage\framework\compiled.php(14597): Illuminate\View\View->render()
#9 C:\jiuli\htdocs\storage\framework\compiled.php(14126): Illuminate\Http\Response->setContent(Object(Illuminate\View\View))
#10 C:\jiuli\htdocs\storage\framework\compiled.php(7154): Symfony\Component\HttpFoundation\Response->__construct(Object(Illuminate\View\View))
#11 C:\jiuli\htdocs\storage\framework\compiled.php(6954): Illuminate\Routing\Router->prepareResponse(Object(Illuminate\Http\Request), Object(Illuminate\View\View))
#12 [internal function]: Illuminate\Routing\Router->Illuminate\Routing\{closure}(Object(Illuminate\Http\Request))
#13 C:\jiuli\htdocs\storage\framework\compiled.php(8952): call_user_func(Object(Closure), Object(Illuminate\Http\Request))
#14 [internal function]: Illuminate\Pipeline\Pipeline->Illuminate\Pipeline\{closure}(Object(Illuminate\Http\Request))
#15 C:\jiuli\htdocs\storage\framework\compiled.php(8935): call_user_func(Object(Closure), Object(Illuminate\Http\Request))
#16 C:\jiuli\htdocs\storage\framework\compiled.php(6955): Illuminate\Pipeline\Pipeline->then(Object(Closure))
#17 C:\jiuli\htdocs\storage\framework\compiled.php(6944): Illuminate\Routing\Router->runRouteWithinStack(Object(Illuminate\Routing\Route), Object(Illuminate\Http\Request))
#18 C:\jiuli\htdocs\storage\framework\compiled.php(6929): Illuminate\Routing\Router->dispatchToRoute(Object(Illuminate\Http\Request))
#19 C:\jiuli\htdocs\storage\framework\compiled.php(1935): Illuminate\Routing\Router->dispatch(Object(Illuminate\Http\Request))
#20 [internal function]: Illuminate\Foundation\Http\Kernel->Illuminate\Foundation\Http\{closure}(Object(Illuminate\Http\Request))
#21 C:\jiuli\htdocs\storage\framework\compiled.php(8952): call_user_func(Object(Closure), Object(Illuminate\Http\Request))
#22 C:\jiuli\htdocs\storage\framework\compiled.php(2438): Illuminate\Pipeline\Pipeline->Illuminate\Pipeline\{closure}(Object(Illuminate\Http\Request))
#23 C:\jiuli\htdocs\app\Http\Middleware\VerifyCsrfToken.php(17): Illuminate\Foundation\Http\Middleware\VerifyCsrfToken->handle(Object(Illuminate\Http\Request), Object(Closure))
#24 C:\jiuli\htdocs\storage\framework\compiled.php(8944): App\Http\Middleware\VerifyCsrfToken->handle(Object(Illuminate\Http\Request), Object(Closure))
#25 C:\jiuli\htdocs\storage\framework\compiled.php(12083): Illuminate\Pipeline\Pipeline->Illuminate\Pipeline\{closure}(Object(Illuminate\Http\Request))
#26 C:\jiuli\htdocs\storage\framework\compiled.php(8944): Illuminate\View\Middleware\ShareErrorsFromSession->handle(Object(Illuminate\Http\Request), Object(Closure))
#27 C:\jiuli\htdocs\storage\framework\compiled.php(10785): Illuminate\Pipeline\Pipeline->Illuminate\Pipeline\{closure}(Object(Illuminate\Http\Request))
#28 C:\jiuli\htdocs\storage\framework\compiled.php(8944): Illuminate\Session\Middleware\StartSession->handle(Object(Illuminate\Http\Request), Object(Closure))
#29 C:\jiuli\htdocs\storage\framework\compiled.php(11789): Illuminate\Pipeline\Pipeline->Illuminate\Pipeline\{closure}(Object(Illuminate\Http\Request))
#30 C:\jiuli\htdocs\storage\framework\compiled.php(8944): Illuminate\Cookie\Middleware\AddQueuedCookiesToResponse->handle(Object(Illuminate\Http\Request), Object(Closure))
#31 C:\jiuli\htdocs\storage\framework\compiled.php(11738): Illuminate\Pipeline\Pipeline->Illuminate\Pipeline\{closure}(Object(Illuminate\Http\Request))
#32 C:\jiuli\htdocs\storage\framework\compiled.php(8944): Illuminate\Cookie\Middleware\EncryptCookies->handle(Object(Illuminate\Http\Request), Object(Closure))
#33 C:\jiuli\htdocs\storage\framework\compiled.php(2478): Illuminate\Pipeline\Pipeline->Illuminate\Pipeline\{closure}(Object(Illuminate\Http\Request))
#34 C:\jiuli\htdocs\storage\framework\compiled.php(8944): Illuminate\Foundation\Http\Middleware\CheckForMaintenanceMode->handle(Object(Illuminate\Http\Request), Object(Closure))
#35 [internal function]: Illuminate\Pipeline\Pipeline->Illuminate\Pipeline\{closure}(Object(Illuminate\Http\Request))
#36 C:\jiuli\htdocs\storage\framework\compiled.php(8935): call_user_func(Object(Closure), Object(Illuminate\Http\Request))
#37 C:\jiuli\htdocs\storage\framework\compiled.php(1891): Illuminate\Pipeline\Pipeline->then(Object(Closure))
#38 C:\jiuli\htdocs\storage\framework\compiled.php(1880): Illuminate\Foundation\Http\Kernel->sendRequestThroughRouter(Object(Illuminate\Http\Request))
#39 C:\jiuli\htdocs\public\index.php(53): Illuminate\Foundation\Http\Kernel->handle(Object(Illuminate\Http\Request))
#40 {main}

Next exception 'ErrorException' with message 'View [_layouts.default] not found. (View: C:\jiuli\htdocs\resources\views\home.blade.php)' in C:\jiuli\htdocs\storage\framework\compiled.php:12898
Stack trace:
#0 C:\jiuli\htdocs\storage\framework\compiled.php(13652): Illuminate\View\Engines\CompilerEngine->handleViewException(Object(InvalidArgumentException), 1)
#1 C:\jiuli\htdocs\storage\framework\compiled.php(13683): Illuminate\View\Engines\PhpEngine->evaluatePath('C:\\jiuli\\htdocs...', Array)
#2 C:\jiuli\htdocs\storage\framework\compiled.php(13523): Illuminate\View\Engines\CompilerEngine->get('C:\\jiuli\\htdocs...', Array)
#3 C:\jiuli\htdocs\storage\framework\compiled.php(13510): Illuminate\View\View->getContents()
#4 C:\jiuli\htdocs\storage\framework\compiled.php(13501): Illuminate\View\View->renderContents()
#5 C:\jiuli\htdocs\storage\framework\compiled.php(14597): Illuminate\View\View->render()
#6 C:\jiuli\htdocs\storage\framework\compiled.php(14126): Illuminate\Http\Response->setContent(Object(Illuminate\View\View))
#7 C:\jiuli\htdocs\storage\framework\compiled.php(7154): Symfony\Component\HttpFoundation\Response->__construct(Object(Illuminate\View\View))
#8 C:\jiuli\htdocs\storage\framework\compiled.php(6954): Illuminate\Routing\Router->prepareResponse(Object(Illuminate\Http\Request), Object(Illuminate\View\View))
#9 [internal function]: Illuminate\Routing\Router->Illuminate\Routing\{closure}(Object(Illuminate\Http\Request))
#10 C:\jiuli\htdocs\storage\framework\compiled.php(8952): call_user_func(Object(Closure), Object(Illuminate\Http\Request))
#11 [internal function]: Illuminate\Pipeline\Pipeline->Illuminate\Pipeline\{closure}(Object(Illuminate\Http\Request))
#12 C:\jiuli\htdocs\storage\framework\compiled.php(8935): call_user_func(Object(Closure), Object(Illuminate\Http\Request))
#13 C:\jiuli\htdocs\storage\framework\compiled.php(6955): Illuminate\Pipeline\Pipeline->then(Object(Closure))
#14 C:\jiuli\htdocs\storage\framework\compiled.php(6944): Illuminate\Routing\Router->runRouteWithinStack(Object(Illuminate\Routing\Route), Object(Illuminate\Http\Request))
#15 C:\jiuli\htdocs\storage\framework\compiled.php(6929): Illuminate\Routing\Router->dispatchToRoute(Object(Illuminate\Http\Request))
#16 C:\jiuli\htdocs\storage\framework\compiled.php(1935): Illuminate\Routing\Router->dispatch(Object(Illuminate\Http\Request))
#17 [internal function]: Illuminate\Foundation\Http\Kernel->Illuminate\Foundation\Http\{closure}(Object(Illuminate\Http\Request))
#18 C:\jiuli\htdocs\storage\framework\compiled.php(8952): call_user_func(Object(Closure), Object(Illuminate\Http\Request))
#19 C:\jiuli\htdocs\storage\framework\compiled.php(2438): Illuminate\Pipeline\Pipeline->Illuminate\Pipeline\{closure}(Object(Illuminate\Http\Request))
#20 C:\jiuli\htdocs\app\Http\Middleware\VerifyCsrfToken.php(17): Illuminate\Foundation\Http\Middleware\VerifyCsrfToken->handle(Object(Illuminate\Http\Request), Object(Closure))
#21 C:\jiuli\htdocs\storage\framework\compiled.php(8944): App\Http\Middleware\VerifyCsrfToken->handle(Object(Illuminate\Http\Request), Object(Closure))
#22 C:\jiuli\htdocs\storage\framework\compiled.php(12083): Illuminate\Pipeline\Pipeline->Illuminate\Pipeline\{closure}(Object(Illuminate\Http\Request))
#23 C:\jiuli\htdocs\storage\framework\compiled.php(8944): Illuminate\View\Middleware\ShareErrorsFromSession->handle(Object(Illuminate\Http\Request), Object(Closure))
#24 C:\jiuli\htdocs\storage\framework\compiled.php(10785): Illuminate\Pipeline\Pipeline->Illuminate\Pipeline\{closure}(Object(Illuminate\Http\Request))
#25 C:\jiuli\htdocs\storage\framework\compiled.php(8944): Illuminate\Session\Middleware\StartSession->handle(Object(Illuminate\Http\Request), Object(Closure))
#26 C:\jiuli\htdocs\storage\framework\compiled.php(11789): Illuminate\Pipeline\Pipeline->Illuminate\Pipeline\{closure}(Object(Illuminate\Http\Request))
#27 C:\jiuli\htdocs\storage\framework\compiled.php(8944): Illuminate\Cookie\Middleware\AddQueuedCookiesToResponse->handle(Object(Illuminate\Http\Request), Object(Closure))
#28 C:\jiuli\htdocs\storage\framework\compiled.php(11738): Illuminate\Pipeline\Pipeline->Illuminate\Pipeline\{closure}(Object(Illuminate\Http\Request))
#29 C:\jiuli\htdocs\storage\framework\compiled.php(8944): Illuminate\Cookie\Middleware\EncryptCookies->handle(Object(Illuminate\Http\Request), Object(Closure))
#30 C:\jiuli\htdocs\storage\framework\compiled.php(2478): Illuminate\Pipeline\Pipeline->Illuminate\Pipeline\{closure}(Object(Illuminate\Http\Request))
#31 C:\jiuli\htdocs\storage\framework\compiled.php(8944): Illuminate\Foundation\Http\Middleware\CheckForMaintenanceMode->handle(Object(Illuminate\Http\Request), Object(Closure))
#32 [internal function]: Illuminate\Pipeline\Pipeline->Illuminate\Pipeline\{closure}(Object(Illuminate\Http\Request))
#33 C:\jiuli\htdocs\storage\framework\compiled.php(8935): call_user_func(Object(Closure), Object(Illuminate\Http\Request))
#34 C:\jiuli\htdocs\storage\framework\compiled.php(1891): Illuminate\Pipeline\Pipeline->then(Object(Closure))
#35 C:\jiuli\htdocs\storage\framework\compiled.php(1880): Illuminate\Foundation\Http\Kernel->sendRequestThroughRouter(Object(Illuminate\Http\Request))
#36 C:\jiuli\htdocs\public\index.php(53): Illuminate\Foundation\Http\Kernel->handle(Object(Illuminate\Http\Request))
#37 {main}  
