[2015-03-12 03:45:42] local.ERROR: exception 'PDOException' with message 'SQLSTATE[HY000] [1045] Access denied for user 'homestead'@'localhost' (using password: YES)' in C:\jiuli\htdocs\vendor\laravel\framework\src\Illuminate\Database\Connectors\Connector.php:47
Stack trace:
#0 C:\jiuli\htdocs\vendor\laravel\framework\src\Illuminate\Database\Connectors\Connector.php(47): PDO->__construct('mysql:host=loca...', 'homestead', 'secret', Array)
#1 C:\jiuli\htdocs\vendor\laravel\framework\src\Illuminate\Database\Connectors\MySqlConnector.php(20): Illuminate\Database\Connectors\Connector->createConnection('mysql:host=loca...', Array, Array)
#2 C:\jiuli\htdocs\storage\framework\compiled.php(10673): Illuminate\Database\Connectors\MySqlConnector->connect(Array)
#3 C:\jiuli\htdocs\storage\framework\compiled.php(10669): Illuminate\Database\Connectors\ConnectionFactory->createSingleConnection(Array)
#4 C:\jiuli\htdocs\storage\framework\compiled.php(10587): Illuminate\Database\Connectors\ConnectionFactory->make(Array, 'mysql')
#5 C:\jiuli\htdocs\storage\framework\compiled.php(10542): Illuminate\Database\DatabaseManager->makeConnection('mysql')
#6 C:\jiuli\htdocs\storage\framework\compiled.php(10434): Illuminate\Database\DatabaseManager->connection(NULL)
#7 C:\jiuli\htdocs\storage\framework\compiled.php(10421): Illuminate\Database\Eloquent\Model::resolveConnection(NULL)
#8 C:\jiuli\htdocs\storage\framework\compiled.php(9921): Illuminate\Database\Eloquent\Model->getConnection()
#9 C:\jiuli\htdocs\storage\framework\compiled.php(9898): Illuminate\Database\Eloquent\Model->newBaseQueryBuilder()
#10 C:\jiuli\htdocs\storage\framework\compiled.php(9888): Illuminate\Database\Eloquent\Model->newQueryWithoutScopes()
#11 C:\jiuli\htdocs\storage\framework\compiled.php(718): Illuminate\Database\Eloquent\Model->newQuery()
#12 C:\jiuli\htdocs\storage\framework\compiled.php(514): Illuminate\Auth\EloquentUserProvider->retrieveByCredentials(Array)
#13 C:\jiuli\htdocs\storage\framework\compiled.php(1985): Illuminate\Auth\Guard->attempt(Array, false)
#14 [internal function]: App\Http\Controllers\Auth\AuthController->postLogin(Object(Illuminate\Http\Request))
#15 C:\jiuli\htdocs\storage\framework\compiled.php(8287): call_user_func_array(Array, Array)
#16 C:\jiuli\htdocs\storage\framework\compiled.php(8354): Illuminate\Routing\Controller->callAction('postLogin', Array)
#17 C:\jiuli\htdocs\storage\framework\compiled.php(8333): Illuminate\Routing\ControllerDispatcher->call(Object(App\Http\Controllers\Auth\AuthController), Object(Illuminate\Routing\Route), 'postLogin')
#18 [internal function]: Illuminate\Routing\ControllerDispatcher->Illuminate\Routing\{closure}(Object(Illuminate\Http\Request))
#19 C:\jiuli\htdocs\storage\framework\compiled.php(8952): call_user_func(Object(Closure), Object(Illuminate\Http\Request))
#20 C:\jiuli\htdocs\app\Http\Middleware\RedirectIfAuthenticated.php(41): Illuminate\Pipeline\Pipeline->Illuminate\Pipeline\{closure}(Object(Illuminate\Http\Request))
#21 C:\jiuli\htdocs\storage\framework\compiled.php(8944): App\Http\Middleware\RedirectIfAuthenticated->handle(Object(Illuminate\Http\Request), Object(Closure))
#22 [internal function]: Illuminate\Pipeline\Pipeline->Illuminate\Pipeline\{closure}(Object(Illuminate\Http\Request))
#23 C:\jiuli\htdocs\storage\framework\compiled.php(8935): call_user_func(Object(Closure), Object(Illuminate\Http\Request))
#24 C:\jiuli\htdocs\storage\framework\compiled.php(8334): Illuminate\Pipeline\Pipeline->then(Object(Closure))
#25 C:\jiuli\htdocs\storage\framework\compiled.php(8320): Illuminate\Routing\ControllerDispatcher->callWithinStack(Object(App\Http\Controllers\Auth\AuthController), Object(Illuminate\Routing\Route), Object(Illuminate\Http\Request), 'postLogin')
#26 C:\jiuli\htdocs\storage\framework\compiled.php(7317): Illuminate\Routing\ControllerDispatcher->dispatch(Object(Illuminate\Routing\Route), Object(Illuminate\Http\Request), 'App\\Http\\Contro...', 'postLogin')
#27 C:\jiuli\htdocs\storage\framework\compiled.php(7288): Illuminate\Routing\Route->runWithCustomDispatcher(Object(Illuminate\Http\Request))
#28 C:\jiuli\htdocs\storage\framework\compiled.php(6954): Illuminate\Routing\Route->run(Object(Illuminate\Http\Request))
#29 [internal function]: Illuminate\Routing\Router->Illuminate\Routing\{closure}(Object(Illuminate\Http\Request))
#30 C:\jiuli\htdocs\storage\framework\compiled.php(8952): call_user_func(Object(Closure), Object(Illuminate\Http\Request))
#31 [internal function]: Illuminate\Pipeline\Pipeline->Illuminate\Pipeline\{closure}(Object(Illuminate\Http\Request))
#32 C:\jiuli\htdocs\storage\framework\compiled.php(8935): call_user_func(Object(Closure), Object(Illuminate\Http\Request))
#33 C:\jiuli\htdocs\storage\framework\compiled.php(6955): Illuminate\Pipeline\Pipeline->then(Object(Closure))
#34 C:\jiuli\htdocs\storage\framework\compiled.php(6944): Illuminate\Routing\Router->runRouteWithinStack(Object(Illuminate\Routing\Route), Object(Illuminate\Http\Request))
#35 C:\jiuli\htdocs\storage\framework\compiled.php(6929): Illuminate\Routing\Router->dispatchToRoute(Object(Illuminate\Http\Request))
#36 C:\jiuli\htdocs\storage\framework\compiled.php(1935): Illuminate\Routing\Router->dispatch(Object(Illuminate\Http\Request))
#37 [internal function]: Illuminate\Foundation\Http\Kernel->Illuminate\Foundation\Http\{closure}(Object(Illuminate\Http\Request))
#38 C:\jiuli\htdocs\storage\framework\compiled.php(8952): call_user_func(Object(Closure), Object(Illuminate\Http\Request))
#39 C:\jiuli\htdocs\storage\framework\compiled.php(2438): Illuminate\Pipeline\Pipeline->Illuminate\Pipeline\{closure}(Object(Illuminate\Http\Request))
#40 C:\jiuli\htdocs\app\Http\Middleware\VerifyCsrfToken.php(17): Illuminate\Foundation\Http\Middleware\VerifyCsrfToken->handle(Object(Illuminate\Http\Request), Object(Closure))
#41 C:\jiuli\htdocs\storage\framework\compiled.php(8944): App\Http\Middleware\VerifyCsrfToken->handle(Object(Illuminate\Http\Request), Object(Closure))
#42 C:\jiuli\htdocs\storage\framework\compiled.php(12083): Illuminate\Pipeline\Pipeline->Illuminate\Pipeline\{closure}(Object(Illuminate\Http\Request))
#43 C:\jiuli\htdocs\storage\framework\compiled.php(8944): Illuminate\View\Middleware\ShareErrorsFromSession->handle(Object(Illuminate\Http\Request), Object(Closure))
#44 C:\jiuli\htdocs\storage\framework\compiled.php(10785): Illuminate\Pipeline\Pipeline->Illuminate\Pipeline\{closure}(Object(Illuminate\Http\Request))
#45 C:\jiuli\htdocs\storage\framework\compiled.php(8944): Illuminate\Session\Middleware\StartSession->handle(Object(Illuminate\Http\Request), Object(Closure))
#46 C:\jiuli\htdocs\storage\framework\compiled.php(11789): Illuminate\Pipeline\Pipeline->Illuminate\Pipeline\{closure}(Object(Illuminate\Http\Request))
#47 C:\jiuli\htdocs\storage\framework\compiled.php(8944): Illuminate\Cookie\Middleware\AddQueuedCookiesToResponse->handle(Object(Illuminate\Http\Request), Object(Closure))
#48 C:\jiuli\htdocs\storage\framework\compiled.php(11738): Illuminate\Pipeline\Pipeline->Illuminate\Pipeline\{closure}(Object(Illuminate\Http\Request))
#49 C:\jiuli\htdocs\storage\framework\compiled.php(8944): Illuminate\Cookie\Middleware\EncryptCookies->handle(Object(Illuminate\Http\Request), Object(Closure))
#50 C:\jiuli\htdocs\storage\framework\compiled.php(2478): Illuminate\Pipeline\Pipeline->Illuminate\Pipeline\{closure}(Object(Illuminate\Http\Request))
#51 C:\jiuli\htdocs\storage\framework\compiled.php(8944): Illuminate\Foundation\Http\Middleware\CheckForMaintenanceMode->handle(Object(Illuminate\Http\Request), Object(Closure))
#52 [internal function]: Illuminate\Pipeline\Pipeline->Illuminate\Pipeline\{closure}(Object(Illuminate\Http\Request))
#53 C:\jiuli\htdocs\storage\framework\compiled.php(8935): call_user_func(Object(Closure), Object(Illuminate\Http\Request))
#54 C:\jiuli\htdocs\storage\framework\compiled.php(1891): Illuminate\Pipeline\Pipeline->then(Object(Closure))
#55 C:\jiuli\htdocs\storage\framework\compiled.php(1880): Illuminate\Foundation\Http\Kernel->sendRequestThroughRouter(Object(Illuminate\Http\Request))
#56 C:\jiuli\htdocs\public\index.php(53): Illuminate\Foundation\Http\Kernel->handle(Object(Illuminate\Http\Request))
#57 {main}  
[2015-03-12 03:51:55] local.ERROR: exception 'PDOException' with message 'SQLSTATE[HY000] [1045] Access denied for user 'homestead'@'localhost' (using password: YES)' in C:\jiuli\htdocs\vendor\laravel\framework\src\Illuminate\Database\Connectors\Connector.php:47
Stack trace:
#0 C:\jiuli\htdocs\vendor\laravel\framework\src\Illuminate\Database\Connectors\Connector.php(47): PDO->__construct('mysql:host=loca...', 'homestead', 'secret', Array)
#1 C:\jiuli\htdocs\vendor\laravel\framework\src\Illuminate\Database\Connectors\MySqlConnector.php(20): Illuminate\Database\Connectors\Connector->createConnection('mysql:host=loca...', Array, Array)
#2 C:\jiuli\htdocs\storage\framework\compiled.php(10673): Illuminate\Database\Connectors\MySqlConnector->connect(Array)
#3 C:\jiuli\htdocs\storage\framework\compiled.php(10669): Illuminate\Database\Connectors\ConnectionFactory->createSingleConnection(Array)
#4 C:\jiuli\htdocs\storage\framework\compiled.php(10587): Illuminate\Database\Connectors\ConnectionFactory->make(Array, 'mysql')
#5 C:\jiuli\htdocs\storage\framework\compiled.php(10542): Illuminate\Database\DatabaseManager->makeConnection('mysql')
#6 C:\jiuli\htdocs\vendor\laravel\framework\src\Illuminate\Validation\DatabasePresenceVerifier.php(113): Illuminate\Database\DatabaseManager->connection(NULL)
#7 C:\jiuli\htdocs\vendor\laravel\framework\src\Illuminate\Validation\DatabasePresenceVerifier.php(45): Illuminate\Validation\DatabasePresenceVerifier->table('users')
#8 C:\jiuli\htdocs\vendor\laravel\framework\src\Illuminate\Validation\Validator.php(1050): Illuminate\Validation\DatabasePresenceVerifier->getCount('users', 'email', 'renjimin@gmail....', NULL, NULL, Array)
#9 C:\jiuli\htdocs\vendor\laravel\framework\src\Illuminate\Validation\Validator.php(365): Illuminate\Validation\Validator->validateUnique('email', 'renjimin@gmail....', Array, Object(Illuminate\Validation\Validator))
#10 C:\jiuli\htdocs\vendor\laravel\framework\src\Illuminate\Validation\Validator.php(318): Illuminate\Validation\Validator->validate('email', 'unique:users')
#11 C:\jiuli\htdocs\vendor\laravel\framework\src\Illuminate\Validation\Validator.php(340): Illuminate\Validation\Validator->passes()
#12 C:\jiuli\htdocs\storage\framework\compiled.php(1971): Illuminate\Validation\Validator->fails()
#13 [internal function]: App\Http\Controllers\Auth\AuthController->postRegister(Object(Illuminate\Http\Request))
#14 C:\jiuli\htdocs\storage\framework\compiled.php(8287): call_user_func_array(Array, Array)
#15 C:\jiuli\htdocs\storage\framework\compiled.php(8354): Illuminate\Routing\Controller->callAction('postRegister', Array)
#16 C:\jiuli\htdocs\storage\framework\compiled.php(8333): Illuminate\Routing\ControllerDispatcher->call(Object(App\Http\Controllers\Auth\AuthController), Object(Illuminate\Routing\Route), 'postRegister')
#17 [internal function]: Illuminate\Routing\ControllerDispatcher->Illuminate\Routing\{closure}(Object(Illuminate\Http\Request))
#18 C:\jiuli\htdocs\storage\framework\compiled.php(8952): call_user_func(Object(Closure), Object(Illuminate\Http\Request))
#19 C:\jiuli\htdocs\app\Http\Middleware\RedirectIfAuthenticated.php(41): Illuminate\Pipeline\Pipeline->Illuminate\Pipeline\{closure}(Object(Illuminate\Http\Request))
#20 C:\jiuli\htdocs\storage\framework\compiled.php(8944): App\Http\Middleware\RedirectIfAuthenticated->handle(Object(Illuminate\Http\Request), Object(Closure))
#21 [internal function]: Illuminate\Pipeline\Pipeline->Illuminate\Pipeline\{closure}(Object(Illuminate\Http\Request))
#22 C:\jiuli\htdocs\storage\framework\compiled.php(8935): call_user_func(Object(Closure), Object(Illuminate\Http\Request))
#23 C:\jiuli\htdocs\storage\framework\compiled.php(8334): Illuminate\Pipeline\Pipeline->then(Object(Closure))
#24 C:\jiuli\htdocs\storage\framework\compiled.php(8320): Illuminate\Routing\ControllerDispatcher->callWithinStack(Object(App\Http\Controllers\Auth\AuthController), Object(Illuminate\Routing\Route), Object(Illuminate\Http\Request), 'postRegister')
#25 C:\jiuli\htdocs\storage\framework\compiled.php(7317): Illuminate\Routing\ControllerDispatcher->dispatch(Object(Illuminate\Routing\Route), Object(Illuminate\Http\Request), 'App\\Http\\Contro...', 'postRegister')
#26 C:\jiuli\htdocs\storage\framework\compiled.php(7288): Illuminate\Routing\Route->runWithCustomDispatcher(Object(Illuminate\Http\Request))
#27 C:\jiuli\htdocs\storage\framework\compiled.php(6954): Illuminate\Routing\Route->run(Object(Illuminate\Http\Request))
#28 [internal function]: Illuminate\Routing\Router->Illuminate\Routing\{closure}(Object(Illuminate\Http\Request))
#29 C:\jiuli\htdocs\storage\framework\compiled.php(8952): call_user_func(Object(Closure), Object(Illuminate\Http\Request))
#30 [internal function]: Illuminate\Pipeline\Pipeline->Illuminate\Pipeline\{closure}(Object(Illuminate\Http\Request))
#31 C:\jiuli\htdocs\storage\framework\compiled.php(8935): call_user_func(Object(Closure), Object(Illuminate\Http\Request))
#32 C:\jiuli\htdocs\storage\framework\compiled.php(6955): Illuminate\Pipeline\Pipeline->then(Object(Closure))
#33 C:\jiuli\htdocs\storage\framework\compiled.php(6944): Illuminate\Routing\Router->runRouteWithinStack(Object(Illuminate\Routing\Route), Object(Illuminate\Http\Request))
#34 C:\jiuli\htdocs\storage\framework\compiled.php(6929): Illuminate\Routing\Router->dispatchToRoute(Object(Illuminate\Http\Request))
#35 C:\jiuli\htdocs\storage\framework\compiled.php(1935): Illuminate\Routing\Router->dispatch(Object(Illuminate\Http\Request))
#36 [internal function]: Illuminate\Foundation\Http\Kernel->Illuminate\Foundation\Http\{closure}(Object(Illuminate\Http\Request))
#37 C:\jiuli\htdocs\storage\framework\compiled.php(8952): call_user_func(Object(Closure), Object(Illuminate\Http\Request))
#38 C:\jiuli\htdocs\storage\framework\compiled.php(2438): Illuminate\Pipeline\Pipeline->Illuminate\Pipeline\{closure}(Object(Illuminate\Http\Request))
#39 C:\jiuli\htdocs\app\Http\Middleware\VerifyCsrfToken.php(17): Illuminate\Foundation\Http\Middleware\VerifyCsrfToken->handle(Object(Illuminate\Http\Request), Object(Closure))
#40 C:\jiuli\htdocs\storage\framework\compiled.php(8944): App\Http\Middleware\VerifyCsrfToken->handle(Object(Illuminate\Http\Request), Object(Closure))
#41 C:\jiuli\htdocs\storage\framework\compiled.php(12083): Illuminate\Pipeline\Pipeline->Illuminate\Pipeline\{closure}(Object(Illuminate\Http\Request))
#42 C:\jiuli\htdocs\storage\framework\compiled.php(8944): Illuminate\View\Middleware\ShareErrorsFromSession->handle(Object(Illuminate\Http\Request), Object(Closure))
#43 C:\jiuli\htdocs\storage\framework\compiled.php(10785): Illuminate\Pipeline\Pipeline->Illuminate\Pipeline\{closure}(Object(Illuminate\Http\Request))
#44 C:\jiuli\htdocs\storage\framework\compiled.php(8944): Illuminate\Session\Middleware\StartSession->handle(Object(Illuminate\Http\Request), Object(Closure))
#45 C:\jiuli\htdocs\storage\framework\compiled.php(11789): Illuminate\Pipeline\Pipeline->Illuminate\Pipeline\{closure}(Object(Illuminate\Http\Request))
#46 C:\jiuli\htdocs\storage\framework\compiled.php(8944): Illuminate\Cookie\Middleware\AddQueuedCookiesToResponse->handle(Object(Illuminate\Http\Request), Object(Closure))
#47 C:\jiuli\htdocs\storage\framework\compiled.php(11738): Illuminate\Pipeline\Pipeline->Illuminate\Pipeline\{closure}(Object(Illuminate\Http\Request))
#48 C:\jiuli\htdocs\storage\framework\compiled.php(8944): Illuminate\Cookie\Middleware\EncryptCookies->handle(Object(Illuminate\Http\Request), Object(Closure))
#49 C:\jiuli\htdocs\storage\framework\compiled.php(2478): Illuminate\Pipeline\Pipeline->Illuminate\Pipeline\{closure}(Object(Illuminate\Http\Request))
#50 C:\jiuli\htdocs\storage\framework\compiled.php(8944): Illuminate\Foundation\Http\Middleware\CheckForMaintenanceMode->handle(Object(Illuminate\Http\Request), Object(Closure))
#51 [internal function]: Illuminate\Pipeline\Pipeline->Illuminate\Pipeline\{closure}(Object(Illuminate\Http\Request))
#52 C:\jiuli\htdocs\storage\framework\compiled.php(8935): call_user_func(Object(Closure), Object(Illuminate\Http\Request))
#53 C:\jiuli\htdocs\storage\framework\compiled.php(1891): Illuminate\Pipeline\Pipeline->then(Object(Closure))
#54 C:\jiuli\htdocs\storage\framework\compiled.php(1880): Illuminate\Foundation\Http\Kernel->sendRequestThroughRouter(Object(Illuminate\Http\Request))
#55 C:\jiuli\htdocs\public\index.php(53): Illuminate\Foundation\Http\Kernel->handle(Object(Illuminate\Http\Request))
#56 {main}  
